Using pre-set license
Built from '2020.3/release' branch; Version is '2020.3.31f1 (6b54b7616050) revision 7034039'; Using compiler version '192528614'; Build Type 'Release'
OS: 'Windows 10  (10.0.19044) 64bit Core' Language: 'nl' Physical Memory: 16228 MB
BatchMode: 1, IsHumanControllingUs: 0, StartBugReporterOnCrash: 0, Is64bit: 1, IsPro: 0

COMMAND LINE ARGUMENTS:
C:\Program Files\Unity\Hub\Editor\2020.3.31f1\Editor\Unity.exe
-adb2
-batchMode
-noUpm
-name
AssetImportWorker0
-projectPath
D:/Unity Projects/HH-AR-application/Hospital hero AR
-logFile
Logs/AssetImportWorker0.log
-srvPort
55391
Successfully changed project path to: D:/Unity Projects/HH-AR-application/Hospital hero AR
D:/Unity Projects/HH-AR-application/Hospital hero AR
Using Asset Import Pipeline V2.
Refreshing native plugins compatible for Editor in 52.91 ms, found 2 plugins.
Preloading 0 native plugins for Editor in 0.00 ms.
Initialize engine version: 2020.3.31f1 (6b54b7616050)
[Subsystems] Discovering subsystems at path C:/Program Files/Unity/Hub/Editor/2020.3.31f1/Editor/Data/Resources/UnitySubsystems
[Subsystems] Discovering subsystems at path D:/Unity Projects/HH-AR-application/Hospital hero AR/Assets
GfxDevice: creating device client; threaded=0
Direct3D:
    Version:  Direct3D 11.0 [level 11.1]
    Renderer: NVIDIA GeForce RTX 2060 (ID=0x1f11)
    Vendor:   
    VRAM:     5980 MB
    Driver:   30.0.14.9649
Initialize mono
Mono path[0] = 'C:/Program Files/Unity/Hub/Editor/2020.3.31f1/Editor/Data/Managed'
Mono path[1] = 'C:/Program Files/Unity/Hub/Editor/2020.3.31f1/Editor/Data/MonoBleedingEdge/lib/mono/unityjit'
Mono config path = 'C:/Program Files/Unity/Hub/Editor/2020.3.31f1/Editor/Data/MonoBleedingEdge/etc'
Using monoOptions --debugger-agent=transport=dt_socket,embedding=1,server=y,suspend=n,address=127.0.0.1:56896
Begin MonoManager ReloadAssembly
Registering precompiled unity dll's ...
Register platform support module: C:/Program Files/Unity/Hub/Editor/2020.3.31f1/Editor/Data/PlaybackEngines/WindowsStandaloneSupport/UnityEditor.WindowsStandalone.Extensions.dll
Registered in 0.004010 seconds.
Native extension for WindowsStandalone target not found
Refreshing native plugins compatible for Editor in 48.62 ms, found 2 plugins.
Preloading 0 native plugins for Editor in 0.00 ms.
Mono: successfully reloaded assembly
- Completed reload, in  0.768 seconds
Domain Reload Profiling:
	ReloadAssembly (768ms)
		BeginReloadAssembly (141ms)
			ExecutionOrderSort (0ms)
			DisableScriptedObjects (0ms)
			BackupInstance (0ms)
			ReleaseScriptingObjects (0ms)
			CreateAndSetChildDomain (1ms)
		EndReloadAssembly (533ms)
			LoadAssemblies (140ms)
			RebuildTransferFunctionScriptingTraits (0ms)
			SetupTypeCache (181ms)
			ReleaseScriptCaches (0ms)
			RebuildScriptCaches (32ms)
			SetupLoadedEditorAssemblies (200ms)
				LogAssemblyErrors (0ms)
				InitializePlatformSupportModulesInManaged (6ms)
				SetLoadedEditorAssemblies (0ms)
				RefreshPlugins (49ms)
				BeforeProcessingInitializeOnLoad (19ms)
				ProcessInitializeOnLoadAttributes (95ms)
				ProcessInitializeOnLoadMethodAttributes (30ms)
				AfterProcessingInitializeOnLoad (0ms)
				EditorAssembliesLoaded (0ms)
			ExecutionOrderSort2 (0ms)
			AwakeInstancesAfterBackupRestoration (0ms)
Platform modules already initialized, skipping
Registering precompiled user dll's ...
Registered in 0.005987 seconds.
Begin MonoManager ReloadAssembly
Native extension for WindowsStandalone target not found
Refreshing native plugins compatible for Editor in 53.55 ms, found 2 plugins.
Preloading 0 native plugins for Editor in 0.00 ms.
Mono: successfully reloaded assembly
- Completed reload, in  1.505 seconds
Domain Reload Profiling:
	ReloadAssembly (1506ms)
		BeginReloadAssembly (213ms)
			ExecutionOrderSort (0ms)
			DisableScriptedObjects (7ms)
			BackupInstance (0ms)
			ReleaseScriptingObjects (0ms)
			CreateAndSetChildDomain (23ms)
		EndReloadAssembly (1224ms)
			LoadAssemblies (199ms)
			RebuildTransferFunctionScriptingTraits (0ms)
			SetupTypeCache (399ms)
			ReleaseScriptCaches (0ms)
			RebuildScriptCaches (65ms)
			SetupLoadedEditorAssemblies (428ms)
				LogAssemblyErrors (0ms)
				InitializePlatformSupportModulesInManaged (8ms)
				SetLoadedEditorAssemblies (1ms)
				RefreshPlugins (54ms)
				BeforeProcessingInitializeOnLoad (98ms)
				ProcessInitializeOnLoadAttributes (250ms)
				ProcessInitializeOnLoadMethodAttributes (11ms)
				AfterProcessingInitializeOnLoad (7ms)
				EditorAssembliesLoaded (0ms)
			ExecutionOrderSort2 (0ms)
			AwakeInstancesAfterBackupRestoration (8ms)
Platform modules already initialized, skipping
========================================================================
Worker process is ready to serve import requests
Launched and connected shader compiler UnityShaderCompiler.exe after 0.07 seconds
Refreshing native plugins compatible for Editor in 0.67 ms, found 2 plugins.
Preloading 0 native plugins for Editor in 0.00 ms.
Unloading 1994 Unused Serialized files (Serialized files now loaded: 0)
System memory in use before: 107.9 MB.
System memory in use after: 108.0 MB.

Unloading 17 unused Assets to reduce memory usage. Loaded Objects now: 2453.
Total: 7.197300 ms (FindLiveObjects: 0.162400 ms CreateObjectMapping: 0.083400 ms MarkObjects: 6.792000 ms  DeleteObjects: 0.157600 ms)

AssetImportParameters requested are different than current active one (requested -> active):
  custom:framework-win-MediaFoundation: 216162199b28c13a410421893ffa2e32 -> 
  custom:video-decoder-ogg-theora: a1e56fd34408186e4bbccfd4996cb3dc -> 
  custom:container-muxer-webm: aa71ff27fc2769a1b78a27578f13a17b -> 
  custom:container-demuxer-webm: 4f35f7cbe854078d1ac9338744f61a02 -> 
  custom:container-demuxer-ogg: 62fdf1f143b41e24485cea50d1cbac27 -> 
  custom:video-encoder-webm-vp8: eb34c28f22e8b96e1ab97ce403110664 -> 
  custom:video-decoder-webm-vp8: 9c59270c3fd7afecdb556c50c9e8de78 -> 
  custom:audio-decoder-ogg-vorbis: bf7c407c2cedff20999df2af8eb42d56 -> 
  custom:audio-encoder-webm-vorbis: bf7c407c2cedff20999df2af8eb42d56 -> 
========================================================================
Received Import Request.
  path: Assets/Voice Lines/Robot
  artifactKey: Guid(d543512319154d947bbb94d32c57f411) Importer(815301076,1909f56bfc062723c751e8b465ee728b)
Start importing Assets/Voice Lines/Robot using Guid(d543512319154d947bbb94d32c57f411) Importer(815301076,1909f56bfc062723c751e8b465ee728b)  -> (artifact id: '0e303281b64290cbf3f783bf7b39dee7') in 0.006240 seconds 
========================================================================
Received Import Request.
  Time since last request: 57.353468 seconds.
  path: Assets/Audio
  artifactKey: Guid(216c49c3823ad1149afc35824c61a484) Importer(815301076,1909f56bfc062723c751e8b465ee728b)
Start importing Assets/Audio using Guid(216c49c3823ad1149afc35824c61a484) Importer(815301076,1909f56bfc062723c751e8b465ee728b)  -> (artifact id: '4865949a4c14f4b7d4937c5454aad646') in 0.004699 seconds 
========================================================================
Received Import Request.
  Time since last request: 7.767806 seconds.
  path: Assets/Audio/Robot VoiceLines
  artifactKey: Guid(d543512319154d947bbb94d32c57f411) Importer(815301076,1909f56bfc062723c751e8b465ee728b)
Start importing Assets/Audio/Robot VoiceLines using Guid(d543512319154d947bbb94d32c57f411) Importer(815301076,1909f56bfc062723c751e8b465ee728b)  -> (artifact id: '204321708d449a8c69aef5f253ac4831') in 0.005566 seconds 
========================================================================
Received Import Request.
  Time since last request: 10.964644 seconds.
  path: Assets/Audio/New Voice Liens
  artifactKey: Guid(7a1832e29c0190248abd59a463a5a1c2) Importer(815301076,1909f56bfc062723c751e8b465ee728b)
Start importing Assets/Audio/New Voice Liens using Guid(7a1832e29c0190248abd59a463a5a1c2) Importer(815301076,1909f56bfc062723c751e8b465ee728b)  -> (artifact id: '25fefa4ead0136f58a72969acb664f57') in 0.004605 seconds 
========================================================================
Received Import Request.
  Time since last request: 8.130989 seconds.
  path: Assets/Audio/New VoiceLines
  artifactKey: Guid(7a1832e29c0190248abd59a463a5a1c2) Importer(815301076,1909f56bfc062723c751e8b465ee728b)
Start importing Assets/Audio/New VoiceLines using Guid(7a1832e29c0190248abd59a463a5a1c2) Importer(815301076,1909f56bfc062723c751e8b465ee728b)  -> (artifact id: 'bcc2a5bd28496810c73b18501fd2375b') in 0.003653 seconds 
========================================================================
Received Import Request.
  Time since last request: 15.313155 seconds.
  path: Assets/Audio/New VoiceLines/adem in.mp4
  artifactKey: Guid(eca4440426a952a49b8edea6b7cd34a9) Importer(815301076,1909f56bfc062723c751e8b465ee728b)
Start importing Assets/Audio/New VoiceLines/adem in.mp4 using Guid(eca4440426a952a49b8edea6b7cd34a9) Importer(815301076,1909f56bfc062723c751e8b465ee728b)  -> (artifact id: '4b56cb646f889ade00abfa27e05a83cd') in 0.059041 seconds 
========================================================================
Received Import Request.
  Time since last request: 3.077356 seconds.
  path: Assets/Audio/New VoiceLines/Blaas als je dit icoontje ziet.mp4
  artifactKey: Guid(357b5c75b138101428db40501c45ea3e) Importer(815301076,1909f56bfc062723c751e8b465ee728b)
Start importing Assets/Audio/New VoiceLines/Blaas als je dit icoontje ziet.mp4 using Guid(357b5c75b138101428db40501c45ea3e) Importer(815301076,1909f56bfc062723c751e8b465ee728b)  -> (artifact id: 'ac7ed804891d560c4946c7ea7a959d59') in 0.078581 seconds 
========================================================================
Received Import Request.
  Time since last request: 25.109719 seconds.
  path: Assets/Audio/New VoiceLines/Ga zo door.mp4
  artifactKey: Guid(43097c686b546ed4893fc9765941b839) Importer(815301076,1909f56bfc062723c751e8b465ee728b)
Start importing Assets/Audio/New VoiceLines/Ga zo door.mp4 using Guid(43097c686b546ed4893fc9765941b839) Importer(815301076,1909f56bfc062723c751e8b465ee728b)  -> (artifact id: '011401ef7ad8dab55add1437c90a99c2') in 0.005226 seconds 
========================================================================
Received Import Request.
  Time since last request: 544.792475 seconds.
  path: Assets/Audio/New VoiceLines/adem in.mp3
  artifactKey: Guid(6ac38c6642599554aab0bfe5cc91938a) Importer(815301076,1909f56bfc062723c751e8b465ee728b)
Start importing Assets/Audio/New VoiceLines/adem in.mp3 using Guid(6ac38c6642599554aab0bfe5cc91938a) Importer(815301076,1909f56bfc062723c751e8b465ee728b)  -> (artifact id: 'c5c2195a01c69b43dc45ad3863a7bf11') in 0.093121 seconds 
========================================================================
Received Import Request.
  Time since last request: 0.000454 seconds.
  path: Assets/Audio/New VoiceLines/Ga zo door.mp3
  artifactKey: Guid(ee248c168d664cb40a43b1624fa35117) Importer(815301076,1909f56bfc062723c751e8b465ee728b)
Start importing Assets/Audio/New VoiceLines/Ga zo door.mp3 using Guid(ee248c168d664cb40a43b1624fa35117) Importer(815301076,1909f56bfc062723c751e8b465ee728b)  -> (artifact id: '88661fb2c05fd32e432c55d21c637ad0') in 0.010864 seconds 
========================================================================
Received Import Request.
  Time since last request: 0.000300 seconds.
  path: Assets/Audio/New VoiceLines/Houdt je adem in.mp3
  artifactKey: Guid(21cfbacacd5848448a6da7d298c23991) Importer(815301076,1909f56bfc062723c751e8b465ee728b)
Start importing Assets/Audio/New VoiceLines/Houdt je adem in.mp3 using Guid(21cfbacacd5848448a6da7d298c23991) Importer(815301076,1909f56bfc062723c751e8b465ee728b)  -> (artifact id: 'e80940c7965f81a1723ca5fb6e90e5d7') in 0.015443 seconds 
========================================================================
Received Import Request.
  Time since last request: 0.000688 seconds.
  path: Assets/Audio/New VoiceLines/Je doet het fantastisch.mp3
  artifactKey: Guid(ca842cb214639294aba7cba6f740dcfd) Importer(815301076,1909f56bfc062723c751e8b465ee728b)
Start importing Assets/Audio/New VoiceLines/Je doet het fantastisch.mp3 using Guid(ca842cb214639294aba7cba6f740dcfd) Importer(815301076,1909f56bfc062723c751e8b465ee728b)  -> (artifact id: 'da37f7e0dfc87f128baeba3d98842628') in 0.029052 seconds 
========================================================================
Received Import Request.
  Time since last request: 0.000345 seconds.
  path: Assets/Audio/New VoiceLines/Goed bezig.mp3
  artifactKey: Guid(42b1577415a8ad44b9bea5ac81c47095) Importer(815301076,1909f56bfc062723c751e8b465ee728b)
Start importing Assets/Audio/New VoiceLines/Goed bezig.mp3 using Guid(42b1577415a8ad44b9bea5ac81c47095) Importer(815301076,1909f56bfc062723c751e8b465ee728b)  -> (artifact id: 'ae00b734a999e309ff3bbd2a123d5dac') in 0.014767 seconds 
========================================================================
Received Import Request.
  Time since last request: 0.000258 seconds.
  path: Assets/Audio/New VoiceLines/Goed gedaan probeer het nu zelf.mp3
  artifactKey: Guid(2161fa3aa0838c24aa9cd615375024b0) Importer(815301076,1909f56bfc062723c751e8b465ee728b)
Start importing Assets/Audio/New VoiceLines/Goed gedaan probeer het nu zelf.mp3 using Guid(2161fa3aa0838c24aa9cd615375024b0) Importer(815301076,1909f56bfc062723c751e8b465ee728b)  -> (artifact id: 'b9c7da5a0b01d8bea14c2dc7ed8ba9b3') in 0.015672 seconds 
========================================================================
Received Import Request.
  Time since last request: 0.000294 seconds.
  path: Assets/Audio/New VoiceLines/Hoi ga je samen ballonnen blazen.mp3
  artifactKey: Guid(8f351c17c2c0ffd4e8c557b0a0c97c0d) Importer(815301076,1909f56bfc062723c751e8b465ee728b)
Start importing Assets/Audio/New VoiceLines/Hoi ga je samen ballonnen blazen.mp3 using Guid(8f351c17c2c0ffd4e8c557b0a0c97c0d) Importer(815301076,1909f56bfc062723c751e8b465ee728b)  -> (artifact id: 'af54b9c8309d580bbf9f91137beb6e74') in 0.015907 seconds 
========================================================================
Received Import Request.
  Time since last request: 0.000424 seconds.
  path: Assets/Audio/New VoiceLines/Blaas nu rustig.mp3
  artifactKey: Guid(6339034da74b2eb4280299bce3c7b42c) Importer(815301076,1909f56bfc062723c751e8b465ee728b)
Start importing Assets/Audio/New VoiceLines/Blaas nu rustig.mp3 using Guid(6339034da74b2eb4280299bce3c7b42c) Importer(815301076,1909f56bfc062723c751e8b465ee728b)  -> (artifact id: 'aee1a54c4a93599764c04642b9efd72b') in 0.014885 seconds 
========================================================================
Received Import Request.
  Time since last request: 0.000224 seconds.
  path: Assets/Audio/New VoiceLines/Blaas als je dit icoontje ziet.mp3
  artifactKey: Guid(63f5088e0a0dce44283cdb304d9995fb) Importer(815301076,1909f56bfc062723c751e8b465ee728b)
Start importing Assets/Audio/New VoiceLines/Blaas als je dit icoontje ziet.mp3 using Guid(63f5088e0a0dce44283cdb304d9995fb) Importer(815301076,1909f56bfc062723c751e8b465ee728b)  -> (artifact id: 'a41f6b929ee6e766b491a23499c117ef') in 0.010249 seconds 
========================================================================
Received Import Request.
  Time since last request: 0.000232 seconds.
  path: Assets/Audio/New VoiceLines/Wow wat ben jij goed.mp3
  artifactKey: Guid(24244db7c3104b54e90b96c7f80ebedf) Importer(815301076,1909f56bfc062723c751e8b465ee728b)
Start importing Assets/Audio/New VoiceLines/Wow wat ben jij goed.mp3 using Guid(24244db7c3104b54e90b96c7f80ebedf) Importer(815301076,1909f56bfc062723c751e8b465ee728b)  -> (artifact id: '87c0f00290df77ca34db37270c17f398') in 0.010698 seconds 
========================================================================
Received Import Request.
  Time since last request: 0.000243 seconds.
  path: Assets/Audio/New VoiceLines/Laten we de eerste samen doen.mp3
  artifactKey: Guid(766a9e3d41f5efd47a3a107f1f48c7dc) Importer(815301076,1909f56bfc062723c751e8b465ee728b)
Start importing Assets/Audio/New VoiceLines/Laten we de eerste samen doen.mp3 using Guid(766a9e3d41f5efd47a3a107f1f48c7dc) Importer(815301076,1909f56bfc062723c751e8b465ee728b)  -> (artifact id: '4ddc7280b62b1361b540fe38a11e2f06') in 0.017298 seconds 
========================================================================
Received Import Request.
  Time since last request: 0.000331 seconds.
  path: Assets/Audio/New VoiceLines/Wow dit gaat fantastisch ga zo door.mp3
  artifactKey: Guid(cb2ed3fa602266a478612fb58c653b67) Importer(815301076,1909f56bfc062723c751e8b465ee728b)
Start importing Assets/Audio/New VoiceLines/Wow dit gaat fantastisch ga zo door.mp3 using Guid(cb2ed3fa602266a478612fb58c653b67) Importer(815301076,1909f56bfc062723c751e8b465ee728b)  -> (artifact id: '04ed5b2a01984003a5c8ce733175ce6a') in 0.009029 seconds 
========================================================================
Received Import Request.
  Time since last request: 0.000209 seconds.
  path: Assets/Audio/New VoiceLines/Laten we samen een ballon uitkiezen.mp3
  artifactKey: Guid(6858a206369f8b6458ace0d7e17770d1) Importer(815301076,1909f56bfc062723c751e8b465ee728b)
Start importing Assets/Audio/New VoiceLines/Laten we samen een ballon uitkiezen.mp3 using Guid(6858a206369f8b6458ace0d7e17770d1) Importer(815301076,1909f56bfc062723c751e8b465ee728b)  -> (artifact id: 'f7fe148b1646d7ca6ac79e5e4020781e') in 0.010154 seconds 
========================================================================
Received Import Request.
  Time since last request: 0.000334 seconds.
  path: Assets/Audio/New VoiceLines/Ik ben trots op jou.mp3
  artifactKey: Guid(655bc4353eaa5e040bc9265b5c74c4cd) Importer(815301076,1909f56bfc062723c751e8b465ee728b)
Start importing Assets/Audio/New VoiceLines/Ik ben trots op jou.mp3 using Guid(655bc4353eaa5e040bc9265b5c74c4cd) Importer(815301076,1909f56bfc062723c751e8b465ee728b)  -> (artifact id: '68e84d31c1b50c5a064dc94428d90ca5') in 0.009553 seconds 
========================================================================
Received Prepare
Registering precompiled user dll's ...
Registered in 0.005627 seconds.
Begin MonoManager ReloadAssembly
Native extension for WindowsStandalone target not found
Refreshing native plugins compatible for Editor in 0.40 ms, found 2 plugins.
Preloading 0 native plugins for Editor in 0.00 ms.
Mono: successfully reloaded assembly
- Completed reload, in  1.053 seconds
Domain Reload Profiling:
	ReloadAssembly (1054ms)
		BeginReloadAssembly (152ms)
			ExecutionOrderSort (0ms)
			DisableScriptedObjects (4ms)
			BackupInstance (0ms)
			ReleaseScriptingObjects (0ms)
			CreateAndSetChildDomain (31ms)
		EndReloadAssembly (841ms)
			LoadAssemblies (159ms)
			RebuildTransferFunctionScriptingTraits (0ms)
			SetupTypeCache (293ms)
			ReleaseScriptCaches (1ms)
			RebuildScriptCaches (48ms)
			SetupLoadedEditorAssemblies (291ms)
				LogAssemblyErrors (0ms)
				InitializePlatformSupportModulesInManaged (4ms)
				SetLoadedEditorAssemblies (0ms)
				RefreshPlugins (0ms)
				BeforeProcessingInitializeOnLoad (81ms)
				ProcessInitializeOnLoadAttributes (190ms)
				ProcessInitializeOnLoadMethodAttributes (8ms)
				AfterProcessingInitializeOnLoad (6ms)
				EditorAssembliesLoaded (0ms)
			ExecutionOrderSort2 (0ms)
			AwakeInstancesAfterBackupRestoration (6ms)
Platform modules already initialized, skipping
Switching build target platform(19) subTarget(0) extendedPlatform(0) -> platform(13) subTarget(524288) extendedPlatform(0)
Refreshing native plugins compatible for Editor in 0.47 ms, found 2 plugins.
Preloading 0 native plugins for Editor in 0.00 ms.
Unloading 1968 Unused Serialized files (Serialized files now loaded: 0)
System memory in use before: 108.1 MB.
System memory in use after: 108.2 MB.

Unloading 13 unused Assets to reduce memory usage. Loaded Objects now: 2466.
Total: 2.689400 ms (FindLiveObjects: 0.145300 ms CreateObjectMapping: 0.058900 ms MarkObjects: 2.450200 ms  DeleteObjects: 0.034400 ms)

AssetImportParameters requested are different than current active one (requested -> active):
  custom:framework-win-MediaFoundation: 216162199b28c13a410421893ffa2e32 -> 
  custom:video-decoder-ogg-theora: a1e56fd34408186e4bbccfd4996cb3dc -> 
  custom:container-muxer-webm: aa71ff27fc2769a1b78a27578f13a17b -> 
  custom:container-demuxer-webm: 4f35f7cbe854078d1ac9338744f61a02 -> 
  custom:container-demuxer-ogg: 62fdf1f143b41e24485cea50d1cbac27 -> 
  custom:video-encoder-webm-vp8: eb34c28f22e8b96e1ab97ce403110664 -> 
  custom:video-decoder-webm-vp8: 9c59270c3fd7afecdb556c50c9e8de78 -> 
  custom:graphics/normal-map-encoding: 01000000000000000000000000000000 -> 02000000000000000000000000000000
  custom:audio-decoder-ogg-vorbis: bf7c407c2cedff20999df2af8eb42d56 -> 
  custom:audio-encoder-webm-vorbis: bf7c407c2cedff20999df2af8eb42d56 -> 
========================================================================
Received Prepare
Registering precompiled user dll's ...
Registered in 0.002977 seconds.
Begin MonoManager ReloadAssembly
Native extension for WindowsStandalone target not found
Refreshing native plugins compatible for Editor in 0.42 ms, found 2 plugins.
Preloading 0 native plugins for Editor in 0.00 ms.
Mono: successfully reloaded assembly
- Completed reload, in  0.960 seconds
Domain Reload Profiling:
	ReloadAssembly (961ms)
		BeginReloadAssembly (139ms)
			ExecutionOrderSort (0ms)
			DisableScriptedObjects (4ms)
			BackupInstance (0ms)
			ReleaseScriptingObjects (0ms)
			CreateAndSetChildDomain (32ms)
		EndReloadAssembly (767ms)
			LoadAssemblies (139ms)
			RebuildTransferFunctionScriptingTraits (0ms)
			SetupTypeCache (251ms)
			ReleaseScriptCaches (1ms)
			RebuildScriptCaches (41ms)
			SetupLoadedEditorAssemblies (276ms)
				LogAssemblyErrors (0ms)
				InitializePlatformSupportModulesInManaged (4ms)
				SetLoadedEditorAssemblies (0ms)
				RefreshPlugins (0ms)
				BeforeProcessingInitializeOnLoad (79ms)
				ProcessInitializeOnLoadAttributes (177ms)
				ProcessInitializeOnLoadMethodAttributes (8ms)
				AfterProcessingInitializeOnLoad (6ms)
				EditorAssembliesLoaded (0ms)
			ExecutionOrderSort2 (0ms)
			AwakeInstancesAfterBackupRestoration (6ms)
Platform modules already initialized, skipping
Switching build target platform(19) subTarget(0) extendedPlatform(0) -> platform(13) subTarget(524288) extendedPlatform(0)
Refreshing native plugins compatible for Editor in 0.39 ms, found 2 plugins.
Preloading 0 native plugins for Editor in 0.00 ms.
Unloading 1968 Unused Serialized files (Serialized files now loaded: 0)
System memory in use before: 108.1 MB.
System memory in use after: 108.2 MB.

Unloading 13 unused Assets to reduce memory usage. Loaded Objects now: 2470.
Total: 3.050600 ms (FindLiveObjects: 0.144900 ms CreateObjectMapping: 0.058000 ms MarkObjects: 2.810000 ms  DeleteObjects: 0.036900 ms)

AssetImportParameters requested are different than current active one (requested -> active):
  custom:framework-win-MediaFoundation: 216162199b28c13a410421893ffa2e32 -> 
  custom:video-decoder-ogg-theora: a1e56fd34408186e4bbccfd4996cb3dc -> 
  custom:container-muxer-webm: aa71ff27fc2769a1b78a27578f13a17b -> 
  custom:container-demuxer-webm: 4f35f7cbe854078d1ac9338744f61a02 -> 
  custom:container-demuxer-ogg: 62fdf1f143b41e24485cea50d1cbac27 -> 
  custom:video-encoder-webm-vp8: eb34c28f22e8b96e1ab97ce403110664 -> 
  custom:video-decoder-webm-vp8: 9c59270c3fd7afecdb556c50c9e8de78 -> 
  custom:graphics/normal-map-encoding: 01000000000000000000000000000000 -> 02000000000000000000000000000000
  custom:audio-decoder-ogg-vorbis: bf7c407c2cedff20999df2af8eb42d56 -> 
  custom:audio-encoder-webm-vorbis: bf7c407c2cedff20999df2af8eb42d56 -> 
========================================================================
Received Prepare
Registering precompiled user dll's ...
Registered in 0.002772 seconds.
Begin MonoManager ReloadAssembly
Native extension for WindowsStandalone target not found
Refreshing native plugins compatible for Editor in 0.42 ms, found 2 plugins.
Preloading 0 native plugins for Editor in 0.00 ms.
Mono: successfully reloaded assembly
- Completed reload, in  1.180 seconds
Domain Reload Profiling:
	ReloadAssembly (1181ms)
		BeginReloadAssembly (216ms)
			ExecutionOrderSort (0ms)
			DisableScriptedObjects (13ms)
			BackupInstance (0ms)
			ReleaseScriptingObjects (0ms)
			CreateAndSetChildDomain (75ms)
		EndReloadAssembly (899ms)
			LoadAssemblies (167ms)
			RebuildTransferFunctionScriptingTraits (0ms)
			SetupTypeCache (311ms)
			ReleaseScriptCaches (1ms)
			RebuildScriptCaches (45ms)
			SetupLoadedEditorAssemblies (309ms)
				LogAssemblyErrors (0ms)
				InitializePlatformSupportModulesInManaged (5ms)
				SetLoadedEditorAssemblies (1ms)
				RefreshPlugins (0ms)
				BeforeProcessingInitializeOnLoad (87ms)
				ProcessInitializeOnLoadAttributes (200ms)
				ProcessInitializeOnLoadMethodAttributes (10ms)
				AfterProcessingInitializeOnLoad (6ms)
				EditorAssembliesLoaded (0ms)
			ExecutionOrderSort2 (0ms)
			AwakeInstancesAfterBackupRestoration (6ms)
Platform modules already initialized, skipping
Switching build target platform(19) subTarget(0) extendedPlatform(0) -> platform(13) subTarget(524288) extendedPlatform(0)
Refreshing native plugins compatible for Editor in 0.50 ms, found 2 plugins.
Preloading 0 native plugins for Editor in 0.00 ms.
Unloading 1968 Unused Serialized files (Serialized files now loaded: 0)
System memory in use before: 108.1 MB.
System memory in use after: 108.2 MB.

Unloading 13 unused Assets to reduce memory usage. Loaded Objects now: 2474.
Total: 3.578400 ms (FindLiveObjects: 0.162800 ms CreateObjectMapping: 0.079100 ms MarkObjects: 3.281300 ms  DeleteObjects: 0.054000 ms)

AssetImportParameters requested are different than current active one (requested -> active):
  custom:framework-win-MediaFoundation: 216162199b28c13a410421893ffa2e32 -> 
  custom:video-decoder-ogg-theora: a1e56fd34408186e4bbccfd4996cb3dc -> 
  custom:container-muxer-webm: aa71ff27fc2769a1b78a27578f13a17b -> 
  custom:container-demuxer-webm: 4f35f7cbe854078d1ac9338744f61a02 -> 
  custom:container-demuxer-ogg: 62fdf1f143b41e24485cea50d1cbac27 -> 
  custom:video-encoder-webm-vp8: eb34c28f22e8b96e1ab97ce403110664 -> 
  custom:video-decoder-webm-vp8: 9c59270c3fd7afecdb556c50c9e8de78 -> 
  custom:graphics/normal-map-encoding: 01000000000000000000000000000000 -> 02000000000000000000000000000000
  custom:audio-decoder-ogg-vorbis: bf7c407c2cedff20999df2af8eb42d56 -> 
  custom:audio-encoder-webm-vorbis: bf7c407c2cedff20999df2af8eb42d56 -> 
========================================================================
Received Prepare
Registering precompiled user dll's ...
Registered in 0.002935 seconds.
Begin MonoManager ReloadAssembly
Native extension for WindowsStandalone target not found
Refreshing native plugins compatible for Editor in 0.70 ms, found 2 plugins.
Preloading 0 native plugins for Editor in 0.00 ms.
Mono: successfully reloaded assembly
- Completed reload, in  1.221 seconds
Domain Reload Profiling:
	ReloadAssembly (1222ms)
		BeginReloadAssembly (164ms)
			ExecutionOrderSort (0ms)
			DisableScriptedObjects (4ms)
			BackupInstance (0ms)
			ReleaseScriptingObjects (0ms)
			CreateAndSetChildDomain (35ms)
		EndReloadAssembly (994ms)
			LoadAssemblies (176ms)
			RebuildTransferFunctionScriptingTraits (0ms)
			SetupTypeCache (317ms)
			ReleaseScriptCaches (2ms)
			RebuildScriptCaches (53ms)
			SetupLoadedEditorAssemblies (360ms)
				LogAssemblyErrors (0ms)
				InitializePlatformSupportModulesInManaged (4ms)
				SetLoadedEditorAssemblies (0ms)
				RefreshPlugins (1ms)
				BeforeProcessingInitializeOnLoad (110ms)
				ProcessInitializeOnLoadAttributes (226ms)
				ProcessInitializeOnLoadMethodAttributes (10ms)
				AfterProcessingInitializeOnLoad (8ms)
				EditorAssembliesLoaded (0ms)
			ExecutionOrderSort2 (0ms)
			AwakeInstancesAfterBackupRestoration (6ms)
Platform modules already initialized, skipping
Switching build target platform(19) subTarget(0) extendedPlatform(0) -> platform(13) subTarget(524288) extendedPlatform(0)
Refreshing native plugins compatible for Editor in 0.66 ms, found 2 plugins.
Preloading 0 native plugins for Editor in 0.00 ms.
Unloading 1968 Unused Serialized files (Serialized files now loaded: 0)
System memory in use before: 108.2 MB.
System memory in use after: 108.3 MB.

Unloading 13 unused Assets to reduce memory usage. Loaded Objects now: 2478.
Total: 5.939400 ms (FindLiveObjects: 0.317800 ms CreateObjectMapping: 0.151300 ms MarkObjects: 5.391100 ms  DeleteObjects: 0.078000 ms)

AssetImportParameters requested are different than current active one (requested -> active):
  custom:framework-win-MediaFoundation: 216162199b28c13a410421893ffa2e32 -> 
  custom:video-decoder-ogg-theora: a1e56fd34408186e4bbccfd4996cb3dc -> 
  custom:container-muxer-webm: aa71ff27fc2769a1b78a27578f13a17b -> 
  custom:container-demuxer-webm: 4f35f7cbe854078d1ac9338744f61a02 -> 
  custom:container-demuxer-ogg: 62fdf1f143b41e24485cea50d1cbac27 -> 
  custom:video-encoder-webm-vp8: eb34c28f22e8b96e1ab97ce403110664 -> 
  custom:video-decoder-webm-vp8: 9c59270c3fd7afecdb556c50c9e8de78 -> 
  custom:graphics/normal-map-encoding: 01000000000000000000000000000000 -> 02000000000000000000000000000000
  custom:audio-decoder-ogg-vorbis: bf7c407c2cedff20999df2af8eb42d56 -> 
  custom:audio-encoder-webm-vorbis: bf7c407c2cedff20999df2af8eb42d56 -> 
========================================================================
Received Prepare
Registering precompiled user dll's ...
Registered in 0.002524 seconds.
Begin MonoManager ReloadAssembly
Native extension for WindowsStandalone target not found
Refreshing native plugins compatible for Editor in 0.40 ms, found 2 plugins.
Preloading 0 native plugins for Editor in 0.00 ms.
Mono: successfully reloaded assembly
- Completed reload, in  1.009 seconds
Domain Reload Profiling:
	ReloadAssembly (1009ms)
		BeginReloadAssembly (136ms)
			ExecutionOrderSort (0ms)
			DisableScriptedObjects (4ms)
			BackupInstance (0ms)
			ReleaseScriptingObjects (0ms)
			CreateAndSetChildDomain (30ms)
		EndReloadAssembly (818ms)
			LoadAssemblies (140ms)
			RebuildTransferFunctionScriptingTraits (0ms)
			SetupTypeCache (279ms)
			ReleaseScriptCaches (1ms)
			RebuildScriptCaches (42ms)
			SetupLoadedEditorAssemblies (277ms)
				LogAssemblyErrors (0ms)
				InitializePlatformSupportModulesInManaged (4ms)
				SetLoadedEditorAssemblies (0ms)
				RefreshPlugins (0ms)
				BeforeProcessingInitializeOnLoad (80ms)
				ProcessInitializeOnLoadAttributes (178ms)
				ProcessInitializeOnLoadMethodAttributes (8ms)
				AfterProcessingInitializeOnLoad (6ms)
				EditorAssembliesLoaded (0ms)
			ExecutionOrderSort2 (0ms)
			AwakeInstancesAfterBackupRestoration (6ms)
Platform modules already initialized, skipping
Switching build target platform(19) subTarget(0) extendedPlatform(0) -> platform(13) subTarget(524288) extendedPlatform(0)
Refreshing native plugins compatible for Editor in 0.39 ms, found 2 plugins.
Preloading 0 native plugins for Editor in 0.00 ms.
Unloading 1968 Unused Serialized files (Serialized files now loaded: 0)
System memory in use before: 108.2 MB.
System memory in use after: 108.3 MB.

Unloading 13 unused Assets to reduce memory usage. Loaded Objects now: 2482.
Total: 2.630200 ms (FindLiveObjects: 0.145300 ms CreateObjectMapping: 0.058500 ms MarkObjects: 2.390300 ms  DeleteObjects: 0.035400 ms)

AssetImportParameters requested are different than current active one (requested -> active):
  custom:framework-win-MediaFoundation: 216162199b28c13a410421893ffa2e32 -> 
  custom:video-decoder-ogg-theora: a1e56fd34408186e4bbccfd4996cb3dc -> 
  custom:container-muxer-webm: aa71ff27fc2769a1b78a27578f13a17b -> 
  custom:container-demuxer-webm: 4f35f7cbe854078d1ac9338744f61a02 -> 
  custom:container-demuxer-ogg: 62fdf1f143b41e24485cea50d1cbac27 -> 
  custom:video-encoder-webm-vp8: eb34c28f22e8b96e1ab97ce403110664 -> 
  custom:video-decoder-webm-vp8: 9c59270c3fd7afecdb556c50c9e8de78 -> 
  custom:graphics/normal-map-encoding: 01000000000000000000000000000000 -> 02000000000000000000000000000000
  custom:audio-decoder-ogg-vorbis: bf7c407c2cedff20999df2af8eb42d56 -> 
  custom:audio-encoder-webm-vorbis: bf7c407c2cedff20999df2af8eb42d56 -> 
========================================================================
Received Prepare
Registering precompiled user dll's ...
Registered in 0.002511 seconds.
Begin MonoManager ReloadAssembly
Native extension for WindowsStandalone target not found
Refreshing native plugins compatible for Editor in 0.41 ms, found 2 plugins.
Preloading 0 native plugins for Editor in 0.00 ms.
Mono: successfully reloaded assembly
- Completed reload, in  1.042 seconds
Domain Reload Profiling:
	ReloadAssembly (1042ms)
		BeginReloadAssembly (137ms)
			ExecutionOrderSort (0ms)
			DisableScriptedObjects (4ms)
			BackupInstance (0ms)
			ReleaseScriptingObjects (0ms)
			CreateAndSetChildDomain (27ms)
		EndReloadAssembly (846ms)
			LoadAssemblies (149ms)
			RebuildTransferFunctionScriptingTraits (0ms)
			SetupTypeCache (281ms)
			ReleaseScriptCaches (2ms)
			RebuildScriptCaches (43ms)
			SetupLoadedEditorAssemblies (282ms)
				LogAssemblyErrors (0ms)
				InitializePlatformSupportModulesInManaged (4ms)
				SetLoadedEditorAssemblies (0ms)
				RefreshPlugins (0ms)
				BeforeProcessingInitializeOnLoad (80ms)
				ProcessInitializeOnLoadAttributes (181ms)
				ProcessInitializeOnLoadMethodAttributes (9ms)
				AfterProcessingInitializeOnLoad (6ms)
				EditorAssembliesLoaded (0ms)
			ExecutionOrderSort2 (0ms)
			AwakeInstancesAfterBackupRestoration (6ms)
Platform modules already initialized, skipping
Switching build target platform(19) subTarget(0) extendedPlatform(0) -> platform(13) subTarget(524288) extendedPlatform(0)
Refreshing native plugins compatible for Editor in 0.43 ms, found 2 plugins.
Preloading 0 native plugins for Editor in 0.00 ms.
Unloading 1968 Unused Serialized files (Serialized files now loaded: 0)
System memory in use before: 108.2 MB.
System memory in use after: 108.3 MB.

Unloading 13 unused Assets to reduce memory usage. Loaded Objects now: 2486.
Total: 2.538300 ms (FindLiveObjects: 0.149400 ms CreateObjectMapping: 0.058500 ms MarkObjects: 2.293400 ms  DeleteObjects: 0.036300 ms)

AssetImportParameters requested are different than current active one (requested -> active):
  custom:framework-win-MediaFoundation: 216162199b28c13a410421893ffa2e32 -> 
  custom:video-decoder-ogg-theora: a1e56fd34408186e4bbccfd4996cb3dc -> 
  custom:container-muxer-webm: aa71ff27fc2769a1b78a27578f13a17b -> 
  custom:container-demuxer-webm: 4f35f7cbe854078d1ac9338744f61a02 -> 
  custom:container-demuxer-ogg: 62fdf1f143b41e24485cea50d1cbac27 -> 
  custom:video-encoder-webm-vp8: eb34c28f22e8b96e1ab97ce403110664 -> 
  custom:video-decoder-webm-vp8: 9c59270c3fd7afecdb556c50c9e8de78 -> 
  custom:graphics/normal-map-encoding: 01000000000000000000000000000000 -> 02000000000000000000000000000000
  custom:audio-decoder-ogg-vorbis: bf7c407c2cedff20999df2af8eb42d56 -> 
  custom:audio-encoder-webm-vorbis: bf7c407c2cedff20999df2af8eb42d56 -> 
========================================================================
Received Prepare
Refreshing native plugins compatible for Editor in 2.56 ms, found 2 plugins.
Preloading 0 native plugins for Editor in 0.00 ms.
Unloading 11 Unused Serialized files (Serialized files now loaded: 0)
System memory in use before: 69.7 MB.
System memory in use after: 69.8 MB.

Unloading 9 unused Assets to reduce memory usage. Loaded Objects now: 2487.
Total: 2.744600 ms (FindLiveObjects: 0.147400 ms CreateObjectMapping: 0.062600 ms MarkObjects: 2.522100 ms  DeleteObjects: 0.012000 ms)

AssetImportParameters requested are different than current active one (requested -> active):
  custom:framework-win-MediaFoundation: 216162199b28c13a410421893ffa2e32 -> 
  custom:video-decoder-ogg-theora: a1e56fd34408186e4bbccfd4996cb3dc -> 
  custom:container-muxer-webm: aa71ff27fc2769a1b78a27578f13a17b -> 
  custom:container-demuxer-webm: 4f35f7cbe854078d1ac9338744f61a02 -> 
  custom:container-demuxer-ogg: 62fdf1f143b41e24485cea50d1cbac27 -> 
  custom:video-encoder-webm-vp8: eb34c28f22e8b96e1ab97ce403110664 -> 
  custom:video-decoder-webm-vp8: 9c59270c3fd7afecdb556c50c9e8de78 -> 
  custom:audio-decoder-ogg-vorbis: bf7c407c2cedff20999df2af8eb42d56 -> 
  custom:audio-encoder-webm-vorbis: bf7c407c2cedff20999df2af8eb42d56 -> 
AssetImportWorkerClient::OnTransportError - code=2 error=End of file
